<?xml version="1.0" encoding="UTF-8"?>
<testsuite xmlns:xsi="http://www.w3.org/2001/XMLSchema-instance" xsi:noNamespaceSchemaLocation="https://maven.apache.org/surefire/maven-surefire-plugin/xsd/surefire-test-report.xsd" name="TestSuite" time="27.524" tests="4" errors="0" skipped="1" failures="2">
  <properties>
[...]
</properties>
  <testcase name="submitOrder" classname="rahulshettyacademy.Tests.SubmitOrderTest" time="5.38"/>
  <testcase name="submitOrder" classname="rahulshettyacademy.Tests.SubmitOrderTest" time="10.978">
    <failure message="Expected condition failed: waiting for visibility of element located by By.cssSelector: .mb-3 (tried for 10 second(s) with 500 milliseconds interval)" type="org.openqa.selenium.TimeoutException">org.openqa.selenium.TimeoutException: Expected condition failed: waiting for visibility of element located by By.cssSelector: .mb-3 (tried for 10 second(s) with 500 milliseconds interval)
	at rahulshettyacademy.Tests.SubmitOrderTest.submitOrder(SubmitOrderTest.java:49)
Caused by: org.openqa.selenium.NoSuchWindowException: 
no such window: target window already closed
from unknown error: web view not found
  (Session info: chrome=121.0.6167.185)
Build info: version: '4.17.0', revision: 'e52b1be057*'
System info: os.name: 'Windows 10', os.arch: 'amd64', os.version: '10.0', java.version: '17.0.8.1'
Driver info: org.openqa.selenium.chrome.ChromeDriver
Command: [19f065846e38981fd862af38270890df, findElement {value=.mb-3, using=css selector}]
Capabilities {acceptInsecureCerts: false, browserName: chrome, browserVersion: 121.0.6167.185, chrome: {chromedriverVersion: 121.0.6167.85 (3f98d690ad7e..., userDataDir: C:\Users\Ipsheeta\AppData\L...}, fedcm:accounts: true, goog:chromeOptions: {debuggerAddress: localhost:65106}, networkConnectionEnabled: false, pageLoadStrategy: normal, platformName: windows, proxy: Proxy(), se:cdp: ws://localhost:65106/devtoo..., se:cdpVersion: 121.0.6167.185, setWindowRect: true, strictFileInteractability: false, timeouts: {implicit: 0, pageLoad: 300000, script: 30000}, unhandledPromptBehavior: dismiss and notify, webauthn:extension:credBlob: true, webauthn:extension:largeBlob: true, webauthn:extension:minPinLength: true, webauthn:extension:prf: true, webauthn:virtualAuthenticators: true}
Session ID: 19f065846e38981fd862af38270890df
	at rahulshettyacademy.Tests.SubmitOrderTest.submitOrder(SubmitOrderTest.java:49)
</failure>
    <system-err><![CDATA[Feb 17, 2024 2:18:42 PM org.openqa.selenium.remote.http.WebSocket$Listener onError
WARNING: Connection reset
java.net.SocketException: Connection reset
	at java.base/sun.nio.ch.SocketChannelImpl.throwConnectionReset(SocketChannelImpl.java:394)
	at java.base/sun.nio.ch.SocketChannelImpl.read(SocketChannelImpl.java:426)
	at java.net.http/jdk.internal.net.http.SocketTube.readAvailable(SocketTube.java:1170)
	at java.net.http/jdk.internal.net.http.SocketTube$InternalReadPublisher$InternalReadSubscription.read(SocketTube.java:833)
	at java.net.http/jdk.internal.net.http.SocketTube$SocketFlowTask.run(SocketTube.java:181)
	at java.net.http/jdk.internal.net.http.common.SequentialScheduler$SchedulableTask.run(SequentialScheduler.java:230)
	at java.net.http/jdk.internal.net.http.common.SequentialScheduler.runOrSchedule(SequentialScheduler.java:303)
	at java.net.http/jdk.internal.net.http.common.SequentialScheduler.runOrSchedule(SequentialScheduler.java:256)
	at java.net.http/jdk.internal.net.http.SocketTube$InternalReadPublisher$InternalReadSubscription.signalReadable(SocketTube.java:774)
	at java.net.http/jdk.internal.net.http.SocketTube$InternalReadPublisher$ReadEvent.signalEvent(SocketTube.java:957)
	at java.net.http/jdk.internal.net.http.SocketTube$SocketFlowEvent.handle(SocketTube.java:253)
	at java.net.http/jdk.internal.net.http.HttpClientImpl$SelectorManager.handleEvent(HttpClientImpl.java:979)
	at java.net.http/jdk.internal.net.http.HttpClientImpl$SelectorManager.lambda$run$3(HttpClientImpl.java:934)
	at java.base/java.util.ArrayList.forEach(ArrayList.java:1511)
	at java.net.http/jdk.internal.net.http.HttpClientImpl$SelectorManager.run(HttpClientImpl.java:934)

]]></system-err>
  </testcase>
  <testcase name="tearDown" classname="rahulshettyacademy.Tests.SubmitOrderTest" time="10.985">
    <failure message="disconnected: not connected to DevTools&#10;  (failed to check if window was closed: disconnected: not connected to DevTools)&#10;  (Session info: chrome=121.0.6167.185)&#10;Build info: version: &apos;4.17.0&apos;, revision: &apos;e52b1be057*&apos;&#10;System info: os.name: &apos;Windows 10&apos;, os.arch: &apos;amd64&apos;, os.version: &apos;10.0&apos;, java.version: &apos;17.0.8.1&apos;&#10;Driver info: org.openqa.selenium.chrome.ChromeDriver&#10;Command: [19f065846e38981fd862af38270890df, close {}]&#10;Capabilities {acceptInsecureCerts: false, browserName: chrome, browserVersion: 121.0.6167.185, chrome: {chromedriverVersion: 121.0.6167.85 (3f98d690ad7e..., userDataDir: C:\Users\Ipsheeta\AppData\L...}, fedcm:accounts: true, goog:chromeOptions: {debuggerAddress: localhost:65106}, networkConnectionEnabled: false, pageLoadStrategy: normal, platformName: windows, proxy: Proxy(), se:cdp: ws://localhost:65106/devtoo..., se:cdpVersion: 121.0.6167.185, setWindowRect: true, strictFileInteractability: false, timeouts: {implicit: 0, pageLoad: 300000, script: 30000}, unhandledPromptBehavior: dismiss and notify, webauthn:extension:credBlob: true, webauthn:extension:largeBlob: true, webauthn:extension:minPinLength: true, webauthn:extension:prf: true, webauthn:virtualAuthenticators: true}&#10;Session ID: 19f065846e38981fd862af38270890df" type="org.openqa.selenium.WebDriverException">org.openqa.selenium.WebDriverException: 
disconnected: not connected to DevTools
  (failed to check if window was closed: disconnected: not connected to DevTools)
  (Session info: chrome=121.0.6167.185)
Build info: version: '4.17.0', revision: 'e52b1be057*'
System info: os.name: 'Windows 10', os.arch: 'amd64', os.version: '10.0', java.version: '17.0.8.1'
Driver info: org.openqa.selenium.chrome.ChromeDriver
Command: [19f065846e38981fd862af38270890df, close {}]
Capabilities {acceptInsecureCerts: false, browserName: chrome, browserVersion: 121.0.6167.185, chrome: {chromedriverVersion: 121.0.6167.85 (3f98d690ad7e..., userDataDir: C:\Users\Ipsheeta\AppData\L...}, fedcm:accounts: true, goog:chromeOptions: {debuggerAddress: localhost:65106}, networkConnectionEnabled: false, pageLoadStrategy: normal, platformName: windows, proxy: Proxy(), se:cdp: ws://localhost:65106/devtoo..., se:cdpVersion: 121.0.6167.185, setWindowRect: true, strictFileInteractability: false, timeouts: {implicit: 0, pageLoad: 300000, script: 30000}, unhandledPromptBehavior: dismiss and notify, webauthn:extension:credBlob: true, webauthn:extension:largeBlob: true, webauthn:extension:minPinLength: true, webauthn:extension:prf: true, webauthn:virtualAuthenticators: true}
Session ID: 19f065846e38981fd862af38270890df
</failure>
  </testcase>
  <testcase name="OrderHistoryTest" classname="rahulshettyacademy.Tests.SubmitOrderTest" time="0">
    <skipped message="Method rahulshettyacademy.Tests.SubmitOrderTest.OrderHistoryTest() on instance rahulshettyacademy.Tests.SubmitOrderTest@2e55dd0c depends on not successfully finished methods &#10;[rahulshettyacademy.Tests.SubmitOrderTest.submitOrder() on instance rahulshettyacademy.Tests.SubmitOrderTest@2e55dd0c]"/>
  </testcase>
</testsuite>